<?xml version="1.0" encoding="UTF-8"?>
<testsuites tests="3" failures="0" disabled="0" errors="0" time="0.362" timestamp="2025-10-25T09:37:45.998" name="AllTests">
  <testsuite name="NNTest" tests="2" failures="0" disabled="0" skipped="0" errors="0" time="0.002" timestamp="2025-10-25T09:37:46.332">
    <testcase name="LinearLayer" file="/home/lee/Projects/Tenzor/tests/integration/test_nn.cpp" line="18" status="run" result="completed" time="0.001" timestamp="2025-10-25T09:37:46.332" classname="NNTest" />
    <testcase name="Sequential" file="/home/lee/Projects/Tenzor/tests/integration/test_nn.cpp" line="28" status="run" result="completed" time="0." timestamp="2025-10-25T09:37:46.333" classname="NNTest" />
  </testsuite>
  <testsuite name="TrainingTest" tests="1" failures="0" disabled="0" skipped="0" errors="0" time="0.025" timestamp="2025-10-25T09:37:46.334">
    <testcase name="SimpleOptimization" file="/home/lee/Projects/Tenzor/tests/integration/test_training.cpp" line="6" status="run" result="completed" time="0.025" timestamp="2025-10-25T09:37:46.334" classname="TrainingTest" />
  </testsuite>
</testsuites>
