<?xml version="1.0" encoding="UTF-8"?>
<testsuites tests="2" failures="0" disabled="0" errors="0" time="0.121" timestamp="2025-10-25T09:37:49.866" name="AllTests">
  <testsuite name="SliceBackendParityTest" tests="2" failures="0" disabled="0" skipped="0" errors="0" time="0.121" timestamp="2025-10-25T09:37:49.866">
    <testcase name="SliceSubtraction" file="/home/lee/Projects/Tenzor/tests/test_slice_backend_parity.cpp" line="18" status="run" result="completed" time="0.12" timestamp="2025-10-25T09:37:49.866" classname="SliceBackendParityTest" />
    <testcase name="BoxAreaComputation" file="/home/lee/Projects/Tenzor/tests/test_slice_backend_parity.cpp" line="73" status="run" result="completed" time="0." timestamp="2025-10-25T09:37:49.987" classname="SliceBackendParityTest" />
  </testsuite>
</testsuites>
