<?xml version="1.0" encoding="UTF-8"?>
<testsuites tests="12" failures="0" disabled="0" errors="0" time="0." timestamp="2025-10-25T09:37:51.108" name="AllTests">
  <testsuite name="OneAPIBackendTest" tests="5" failures="0" disabled="0" skipped="5" errors="0" time="0." timestamp="2025-10-25T09:37:51.109">
    <testcase name="BackendInitialization" file="/home/lee/Projects/Tenzor/tests/test_phase11_backends.cpp" line="64" status="run" result="skipped" time="0." timestamp="2025-10-25T09:37:51.109" classname="OneAPIBackendTest">
      <skipped message="/home/lee/Projects/Tenzor/tests/test_phase11_backends.cpp:66&#x0A;OneAPI backend not available&#x0A;"><![CDATA[/home/lee/Projects/Tenzor/tests/test_phase11_backends.cpp:66
OneAPI backend not available
]]></skipped>
    </testcase>
    <testcase name="MemoryAllocation" file="/home/lee/Projects/Tenzor/tests/test_phase11_backends.cpp" line="74" status="run" result="skipped" time="0." timestamp="2025-10-25T09:37:51.109" classname="OneAPIBackendTest">
      <skipped message="/home/lee/Projects/Tenzor/tests/test_phase11_backends.cpp:76&#x0A;OneAPI backend not available&#x0A;"><![CDATA[/home/lee/Projects/Tenzor/tests/test_phase11_backends.cpp:76
OneAPI backend not available
]]></skipped>
    </testcase>
    <testcase name="BasicMatMul" file="/home/lee/Projects/Tenzor/tests/test_phase11_backends.cpp" line="86" status="run" result="skipped" time="0." timestamp="2025-10-25T09:37:51.109" classname="OneAPIBackendTest">
      <skipped message="/home/lee/Projects/Tenzor/tests/test_phase11_backends.cpp:88&#x0A;OneAPI backend not available&#x0A;"><![CDATA[/home/lee/Projects/Tenzor/tests/test_phase11_backends.cpp:88
OneAPI backend not available
]]></skipped>
    </testcase>
    <testcase name="Conv2dForward" file="/home/lee/Projects/Tenzor/tests/test_phase11_backends.cpp" line="108" status="run" result="skipped" time="0." timestamp="2025-10-25T09:37:51.109" classname="OneAPIBackendTest">
      <skipped message="/home/lee/Projects/Tenzor/tests/test_phase11_backends.cpp:110&#x0A;OneAPI backend not available&#x0A;"><![CDATA[/home/lee/Projects/Tenzor/tests/test_phase11_backends.cpp:110
OneAPI backend not available
]]></skipped>
    </testcase>
    <testcase name="Conv2dBackwardFixed" file="/home/lee/Projects/Tenzor/tests/test_phase11_backends.cpp" line="132" status="run" result="skipped" time="0." timestamp="2025-10-25T09:37:51.109" classname="OneAPIBackendTest">
      <skipped message="/home/lee/Projects/Tenzor/tests/test_phase11_backends.cpp:134&#x0A;OneAPI backend not available&#x0A;"><![CDATA[/home/lee/Projects/Tenzor/tests/test_phase11_backends.cpp:134
OneAPI backend not available
]]></skipped>
    </testcase>
  </testsuite>
  <testsuite name="VulkanBackendTest" tests="1" failures="0" disabled="0" skipped="1" errors="0" time="0." timestamp="2025-10-25T09:37:51.109">
    <testcase name="BackendInitialization" file="/home/lee/Projects/Tenzor/tests/test_phase11_backends.cpp" line="167" status="run" result="skipped" time="0." timestamp="2025-10-25T09:37:51.109" classname="VulkanBackendTest">
      <skipped message="/home/lee/Projects/Tenzor/tests/test_phase11_backends.cpp:169&#x0A;Vulkan backend not available&#x0A;"><![CDATA[/home/lee/Projects/Tenzor/tests/test_phase11_backends.cpp:169
Vulkan backend not available
]]></skipped>
    </testcase>
  </testsuite>
  <testsuite name="MetalBackendTest" tests="1" failures="0" disabled="0" skipped="1" errors="0" time="0." timestamp="2025-10-25T09:37:51.109">
    <testcase name="BackendSkipped" file="/home/lee/Projects/Tenzor/tests/test_phase11_backends.cpp" line="186" status="run" result="skipped" time="0." timestamp="2025-10-25T09:37:51.109" classname="MetalBackendTest">
      <skipped message="/home/lee/Projects/Tenzor/tests/test_phase11_backends.cpp:187&#x0A;Metal backend requires macOS/iOS&#x0A;"><![CDATA[/home/lee/Projects/Tenzor/tests/test_phase11_backends.cpp:187
Metal backend requires macOS/iOS
]]></skipped>
    </testcase>
  </testsuite>
  <testsuite name="WebGPUBackendTest" tests="1" failures="0" disabled="0" skipped="1" errors="0" time="0." timestamp="2025-10-25T09:37:51.109">
    <testcase name="BackendSkipped" file="/home/lee/Projects/Tenzor/tests/test_phase11_backends.cpp" line="196" status="run" result="skipped" time="0." timestamp="2025-10-25T09:37:51.109" classname="WebGPUBackendTest">
      <skipped message="/home/lee/Projects/Tenzor/tests/test_phase11_backends.cpp:197&#x0A;WebGPU backend requires browser/WASM environment&#x0A;"><![CDATA[/home/lee/Projects/Tenzor/tests/test_phase11_backends.cpp:197
WebGPU backend requires browser/WASM environment
]]></skipped>
    </testcase>
  </testsuite>
  <testsuite name="CrossBackendTest" tests="4" failures="0" disabled="0" skipped="2" errors="0" time="0." timestamp="2025-10-25T09:37:51.109">
    <testcase name="TensorTransferCPU" file="/home/lee/Projects/Tenzor/tests/test_phase11_backends.cpp" line="206" status="run" result="completed" time="0." timestamp="2025-10-25T09:37:51.109" classname="CrossBackendTest" />
    <testcase name="BasicCPUOperations" file="/home/lee/Projects/Tenzor/tests/test_phase11_backends.cpp" line="217" status="run" result="completed" time="0." timestamp="2025-10-25T09:37:51.109" classname="CrossBackendTest" />
    <testcase name="OneAPIToCPUTransfer" file="/home/lee/Projects/Tenzor/tests/test_phase11_backends.cpp" line="232" status="run" result="skipped" time="0." timestamp="2025-10-25T09:37:51.109" classname="CrossBackendTest">
      <skipped message="/home/lee/Projects/Tenzor/tests/test_phase11_backends.cpp:234&#x0A;OneAPI backend not available&#x0A;"><![CDATA[/home/lee/Projects/Tenzor/tests/test_phase11_backends.cpp:234
OneAPI backend not available
]]></skipped>
    </testcase>
    <testcase name="CPUToOneAPITransfer" file="/home/lee/Projects/Tenzor/tests/test_phase11_backends.cpp" line="250" status="run" result="skipped" time="0." timestamp="2025-10-25T09:37:51.109" classname="CrossBackendTest">
      <skipped message="/home/lee/Projects/Tenzor/tests/test_phase11_backends.cpp:252&#x0A;OneAPI backend not available&#x0A;"><![CDATA[/home/lee/Projects/Tenzor/tests/test_phase11_backends.cpp:252
OneAPI backend not available
]]></skipped>
    </testcase>
  </testsuite>
</testsuites>
