<?xml version="1.0" encoding="UTF-8"?>
<testsuites tests="2" failures="0" disabled="0" errors="0" time="0.13" timestamp="2025-10-25T09:37:49.237" name="AllTests">
  <testsuite name="SliceBackendParityTest" tests="2" failures="0" disabled="0" skipped="0" errors="0" time="0.13" timestamp="2025-10-25T09:37:49.237">
    <testcase name="SliceSubtraction" file="/home/lee/Projects/Tenzor/tests/test_slice_backend_parity.cpp" line="18" status="run" result="completed" time="0.129" timestamp="2025-10-25T09:37:49.237" classname="SliceBackendParityTest" />
    <testcase name="BoxAreaComputation" file="/home/lee/Projects/Tenzor/tests/test_slice_backend_parity.cpp" line="73" status="run" result="completed" time="0." timestamp="2025-10-25T09:37:49.367" classname="SliceBackendParityTest" />
  </testsuite>
</testsuites>
